<?xml version="1.0" encoding="UTF-8"?>
<!-- Generated by org.testng.reporters.JUnitReportReporter -->
<testsuite hostname="Hp" failures="0" tests="1" name="Tryclasses.FireFox" time="0.007" errors="0" timestamp="2023-03-27T19:35:32 IST" skipped="0">
  <testcase classname="Tryclasses.FireFox" name="edge" time="0.007"/>
  <system-out/>
</testsuite> <!-- Tryclasses.FireFox -->
