<?xml version="1.0" encoding="UTF-8"?>
<!-- Generated by org.testng.reporters.JUnitReportReporter -->
<testsuite hostname="Hp" failures="0" tests="5" name="com.Lim.TestngtestScript" time="0.010" errors="0" timestamp="2023-03-24T10:44:19 IST" skipped="0">
  <testcase classname="com.Lim.TestngtestScript" name="create" time="0.001"/>
  <system-out/>
  <testcase classname="com.Lim.TestngtestScript" name="delete" time="0.007"/>
  <system-out/>
  <testcase classname="com.Lim.TestngtestScript" name="create" time="0.000"/>
  <system-out/>
  <testcase classname="com.Lim.TestngtestScript" name="create" time="0.001"/>
  <system-out/>
  <testcase classname="com.Lim.TestngtestScript" name="write" time="0.001"/>
  <system-out/>
</testsuite> <!-- com.Lim.TestngtestScript -->
