<?xml version="1.0" encoding="UTF-8"?>
<!-- Generated by org.testng.reporters.JUnitReportReporter -->
<testsuite hostname="Hp" failures="0" tests="3" name="com.Lim.DataProvidertest" time="0.008" errors="0" timestamp="2023-03-23T16:32:32 IST" skipped="0">
  <testcase classname="com.Lim.DataProvidertest" name="getData" time="0.006"/>
  <system-out/>
  <testcase classname="com.Lim.DataProvidertest" name="getData" time="0.001"/>
  <system-out/>
  <testcase classname="com.Lim.DataProvidertest" name="getData" time="0.001"/>
  <system-out/>
</testsuite> <!-- com.Lim.DataProvidertest -->
