<?xml version="1.0" encoding="UTF-8"?>
<!-- Generated by org.testng.reporters.JUnitReportReporter -->
<testsuite hostname="Hp" failures="0" tests="1" name="clients.EditClientTest" time="1.209" errors="0" timestamp="2023-03-29T10:26:13 IST" skipped="0">
  <testcase classname="clients.EditClientTest" name="editclient" time="1.209"/>
  <system-out>
    <![CDATA[editclient------>testscript execution started
editclient----->Testscript executio successfull]]>
  </system-out>
</testsuite> <!-- clients.EditClientTest -->
