<?xml version="1.0" encoding="UTF-8"?>
<!-- Generated by org.testng.reporters.JUnitReportReporter -->
<testsuite hostname="Hp" failures="0" tests="1" name="clients.CreateClientTest1" time="4.589" errors="0" timestamp="2023-03-29T10:26:13 IST" skipped="0">
  <testcase classname="clients.CreateClientTest1" name="createclient" time="4.589"/>
  <system-out>
    <![CDATA[createclient------>testscript execution started
createclient----->Testscript executio successfull]]>
  </system-out>
</testsuite> <!-- clients.CreateClientTest1 -->
