<?xml version="1.0" encoding="UTF-8"?>
<!-- Generated by org.testng.reporters.JUnitReportReporter -->
<testsuite hostname="Hp" failures="0" tests="3" name="com.Lim.DpScript" time="0.007" errors="0" timestamp="2023-03-24T10:44:46 IST" skipped="0">
  <testcase classname="com.Lim.DpScript" name="getData" time="0.001"/>
  <system-out/>
  <testcase classname="com.Lim.DpScript" name="getData" time="0.001"/>
  <system-out/>
  <testcase classname="com.Lim.DpScript" name="getData" time="0.005"/>
  <system-out/>
</testsuite> <!-- com.Lim.DpScript -->
