<?xml version="1.0" encoding="UTF-8"?>
<!-- Generated by org.testng.reporters.JUnitReportReporter -->
<testsuite hostname="Hp" failures="0" tests="1" name="payment.DoPaymentTest" time="1.642" errors="0" timestamp="2023-03-29T10:26:13 IST" skipped="0">
  <testcase classname="payment.DoPaymentTest" name="dopayment" time="1.642"/>
  <system-out>
    <![CDATA[dopayment------>testscript execution started
dopayment----->Testscript executio successfull]]>
  </system-out>
</testsuite> <!-- payment.DoPaymentTest -->
