<?xml version="1.0" encoding="UTF-8"?>
<!-- Generated by org.testng.reporters.JUnitReportReporter -->
<testsuite hostname="Hp" failures="0" tests="1" name="com.Lim.AnnotationScriptTest" time="0.006" errors="0" timestamp="2023-03-23T17:24:36 IST" skipped="0">
  <testcase classname="com.Lim.AnnotationScriptTest" name="create" time="0.006"/>
  <system-out/>
</testsuite> <!-- com.Lim.AnnotationScriptTest -->
