<?xml version="1.0" encoding="UTF-8"?>
<!-- Generated by org.testng.reporters.JUnitReportReporter -->
<testsuite hostname="Hp" failures="0" tests="1" name="nominee.CreateNomineeTest" time="2.242" errors="0" timestamp="2023-03-29T10:26:13 IST" skipped="0">
  <testcase classname="nominee.CreateNomineeTest" name="createnominee" time="2.242"/>
  <system-out>
    <![CDATA[createnominee------>testscript execution started
createnominee----->Testscript executio successfull]]>
  </system-out>
</testsuite> <!-- nominee.CreateNomineeTest -->
