<?xml version="1.0" encoding="UTF-8"?>
<!-- Generated by org.testng.reporters.JUnitReportReporter -->
<testsuite hostname="Hp" failures="0" tests="1" name="Tryclasses.Chrome" time="0.002" errors="0" timestamp="2023-03-27T19:35:32 IST" skipped="0">
  <testcase classname="Tryclasses.Chrome" name="chrome" time="0.002"/>
  <system-out/>
</testsuite> <!-- Tryclasses.Chrome -->
